<?xml version="1.0" encoding="UTF-8"?>
<testExecutions version="1">
  <file path="/home/asishk/Videos/green-commute/src/components/molecules/ListItem/index.test.tsx">
    <testCase name="List Item molecule Ola list item molecule" duration="172"/>
    <testCase name="List Item molecule Rapido list item molecule with approx and fare" duration="27"/>
    <testCase name="List Item molecule Uber list item molecule logo rendering test" duration="44"/>
    <testCase name="List Item Snapshot renders list item correctly" duration="29"/>
  </file>
  <file path="/home/asishk/Videos/green-commute/src/components/organisms/MetroCard/index.test.tsx">
    <testCase name="CabCard renders correctly" duration="112"/>
    <testCase name="CabCard Text should render correctly" duration="81"/>
    <testCase name="CabCard Text should render correctly" duration="87"/>
    <testCase name="CabCard Number of Icons should be 2" duration="49"/>
    <testCase name="CabCard Button element rendered correctly" duration="26"/>
  </file>
  <file path="/home/asishk/Videos/green-commute/src/components/organisms/FileUploadCard/index.test.tsx">
    <testCase name="FileUploadCard Text should render correctly" duration="462"/>
    <testCase name="FileUploadCard Number of Icons should be 2" duration="56"/>
    <testCase name="FileUploadCard Button element rendered correctly" duration="44"/>
  </file>
  <file path="/home/asishk/Videos/green-commute/src/components/organisms/JobList/index.test.tsx">
    <testCase name="Organisms renders Job list" duration="779"/>
    <testCase name="renders correctly when filter has no items" duration="54"/>
    <testCase name="renders correctly when filter has items" duration="24"/>
  </file>
  <file path="/home/asishk/Videos/green-commute/src/components/organisms/JobDetailsCard/index.test.tsx">
    <testCase name="CabCard renders correctly" duration="199"/>
    <testCase name="CabCard Text should render correctly" duration="140"/>
    <testCase name="CabCard Text should render correctly" duration="42"/>
    <testCase name="CabCard Button element rendered correctly" duration="40"/>
  </file>
  <file path="/home/asishk/Videos/green-commute/src/components/organisms/AcknowledgementCard/index.test.tsx">
    <testCase name="AcknowledgementCard Text should render correctly" duration="719"/>
    <testCase name="AcknowledgementCard Number of Icons should be 2" duration="58"/>
    <testCase name="AcknowledgementCard Button element rendered correctly" duration="41"/>
  </file>
  <file path="/home/asishk/Videos/green-commute/src/components/organisms/CabCard/index.test.tsx">
    <testCase name="CabCard renders correctly" duration="215"/>
    <testCase name="CabCard Text should render correctly" duration="98"/>
    <testCase name="CabCard Element for ola should be rendered" duration="84"/>
    <testCase name="CabCard Element rapido should be rendered" duration="54"/>
    <testCase name="CabCard Element uber should be rendered" duration="42"/>
  </file>
  <file path="/home/asishk/Videos/green-commute/src/components/organisms/CommonRoutes/index.test.tsx">
    <testCase name="CabCard renders correctly" duration="173"/>
    <testCase name="CabCard Text should render correctly" duration="126"/>
    <testCase name="CabCard Text should render correctly" duration="80"/>
    <testCase name="CabCard Text should render correctly" duration="39"/>
  </file>
  <file path="/home/asishk/Videos/green-commute/src/components/organisms/SideMenu/index.test.tsx">
    <testCase name="SideMenu Text should render correctly" duration="381"/>
    <testCase name="SideMenu Text should render correctly" duration="150"/>
    <testCase name="SideMenu MenuItem rendered correctly" duration="134"/>
    <testCase name="SideMenu MenuItem rendered correctly" duration="151"/>
    <testCase name="SideMenu MenuItem rendered correctly" duration="108"/>
    <testCase name="SideMenu MenuItem rendered correctly" duration="100"/>
    <testCase name="SideMenu MenuItem rendered correctly" duration="72"/>
    <testCase name="SideMenu MenuItem rendered correctly" duration="87"/>
    <testCase name="SideMenu MenuItem rendered correctly" duration="90"/>
    <testCase name="SideMenu MenuItem rendered correctly" duration="66"/>
  </file>
  <file path="/home/asishk/Videos/green-commute/src/components/molecules/LocationField/index.test.tsx">
    <testCase name="Location Field Molecule Random location" duration="242"/>
    <testCase name="Location Field Snapshot renders location field correctly" duration="32"/>
  </file>
  <file path="/home/asishk/Videos/green-commute/src/components/organisms/FilterMenu/index.test.tsx">
    <testCase name="Filter menu organism renders all parts of filter menu" duration="2150"/>
  </file>
  <file path="/home/asishk/Videos/green-commute/src/components/molecules/IconButton/index.test.tsx">
    <testCase name="Molecules renders filter button" duration="359"/>
  </file>
  <file path="/home/asishk/Videos/green-commute/src/components/molecules/MenuItem/index.test.tsx">
    <testCase name="Molecules renders filter button" duration="263"/>
  </file>
  <file path="/home/asishk/Videos/green-commute/src/components/atoms/InputField/index.test.tsx">
    <testCase name="Atoms renders input field" duration="466"/>
  </file>
  <file path="/home/asishk/Videos/green-commute/src/components/atoms/RadioButton/index.test.tsx">
    <testCase name="Atoms renders radio button" duration="172"/>
    <testCase name="Atoms renders snapshot of radio button" duration="24"/>
  </file>
  <file path="/home/asishk/Videos/green-commute/src/components/molecules/IllustrationData/index.test.tsx">
    <testCase name="IllustrationData renders correctly" duration="61"/>
  </file>
  <file path="/home/asishk/Videos/green-commute/src/components/organisms/JobSearch/index.test.tsx">
    <testCase name="Search Bar render whole organism" duration="333"/>
    <testCase name="Search Bar render skill search field" duration="68"/>
    <testCase name="Search Bar render location search field " duration="114"/>
    <testCase name="Search Bar render search button icon" duration="72"/>
  </file>
  <file path="/home/asishk/Videos/green-commute/src/components/atoms/Checkbox/index.test.tsx">
    <testCase name="Atoms renders input field" duration="230"/>
  </file>
  <file path="/home/asishk/Videos/green-commute/src/components/molecules/ChipItem/index.test.tsx">
    <testCase name="Molecules renders chip" duration="218"/>
  </file>
  <file path="/home/asishk/Videos/green-commute/src/components/organisms/Header/index.test.tsx">
    <testCase name="Header test renders the app header correctly" duration="348"/>
  </file>
  <file path="/home/asishk/Videos/green-commute/src/components/atoms/Button/index.test.tsx">
    <testCase name="it renders Button" duration="208"/>
  </file>
  <file path="/home/asishk/Videos/green-commute/src/components/atoms/IconSVG/index.test.tsx">
    <testCase name="Atoms renders svg icon" duration="41"/>
  </file>
  <file path="/home/asishk/Videos/green-commute/src/components/organisms/FindCard/index.test.tsx">
    <testCase name="Job card test renders the app header correctly" duration="102"/>
  </file>
  <file path="/home/asishk/Videos/green-commute/src/components/atoms/Typography/index.test.tsx">
    <testCase name="Typography Render h1" duration="41"/>
    <testCase name="Typography Render h2" duration="13"/>
  </file>
  <file path="/home/asishk/Videos/green-commute/src/components/atoms/Avatar/index.test.tsx">
    <testCase name="Avatar renders correctly" duration="74"/>
  </file>
  <file path="/home/asishk/Videos/green-commute/src/components/atoms/Illustration/index.test.tsx">
    <testCase name="Atoms renders Illustration" duration="28"/>
  </file>
  <file path="/home/asishk/Videos/green-commute/src/components/molecules/ProgressItem/index.test.tsx">
    <testCase name="Progress Item Grid container" duration="55"/>
    <testCase name="Progress Item Test using test-id" duration="19"/>
  </file>
  <file path="/home/asishk/Videos/green-commute/src/components/molecules/AQI/index.test.tsx">
    <testCase name="AQIIndex renders correctly" duration="54"/>
  </file>
  <file path="/home/asishk/Videos/green-commute/src/components/organisms/JobDesCard/index.test.tsx">
    <testCase name="Job Description Test renders the job description" duration="135"/>
  </file>
  <file path="/home/asishk/Videos/green-commute/src/components/organisms/TabPanel/index.test.tsx">
    <testCase name="Tab Panel Test renders the tab panel" duration="58"/>
  </file>
  <file path="/home/asishk/Videos/green-commute/src/components/organisms/MainCard/index.test.tsx">
    <testCase name="Main Card Test renders the main card" duration="286"/>
  </file>
  <file path="/home/asishk/Videos/green-commute/src/components/molecules/AQIGroup/index.test.tsx">
    <testCase name="AQIIndexLocation renders correctly" duration="77"/>
  </file>
  <file path="/home/asishk/Videos/green-commute/src/components/molecules/AQILocation/index.test.tsx">
    <testCase name="AQIIndexGroup renders correctly" duration="40"/>
  </file>
  <file path="/home/asishk/Videos/green-commute/src/components/atoms/Icon/index.test.tsx">
    <testCase name="Atoms renders png icon" duration="23"/>
  </file>
  <file path="/home/asishk/Videos/green-commute/src/components/atoms/Logo/index.test.tsx">
    <testCase name="Atoms renders logo" duration="23"/>
  </file>
  <file path="/home/asishk/Videos/green-commute/src/App.test.tsx">
    <testCase name="renders learn react link" duration="17"/>
  </file>
</testExecutions>