<?xml version="1.0" encoding="UTF-8"?>
<testExecutions version="1">
  <file path="/home/asishk/Videos/green-commute/src/components/atoms/Checkbox/index.test.tsx">
    <testCase name="Atoms renders input field" duration="675"/>
  </file>
  <file path="/home/asishk/Videos/green-commute/src/components/organisms/FileUploadCard/index.test.tsx">
    <testCase name="FileUploadCard Text should render correctly" duration="602"/>
    <testCase name="FileUploadCard Number of Icons should be 2" duration="159"/>
    <testCase name="FileUploadCard Button element rendered correctly" duration="107"/>
  </file>
  <file path="/home/asishk/Videos/green-commute/src/components/organisms/CabCard/index.test.tsx">
    <testCase name="CabCard renders correctly" duration="282"/>
    <testCase name="CabCard Text should render correctly" duration="132"/>
    <testCase name="CabCard Element for ola should be rendered" duration="60"/>
    <testCase name="CabCard Element rapido should be rendered" duration="112"/>
    <testCase name="CabCard Element uber should be rendered" duration="92"/>
  </file>
  <file path="/home/asishk/Videos/green-commute/src/components/organisms/JobDetailsCard/index.test.tsx">
    <testCase name="CabCard renders correctly" duration="171"/>
    <testCase name="CabCard Text should render correctly" duration="125"/>
    <testCase name="CabCard Text should render correctly" duration="171"/>
    <testCase name="CabCard Button element rendered correctly" duration="119"/>
  </file>
  <file path="/home/asishk/Videos/green-commute/src/components/organisms/JobSearch/index.test.tsx">
    <testCase name="Search Bar render whole organism" duration="353"/>
    <testCase name="Search Bar render skill search field" duration="57"/>
    <testCase name="Search Bar render location search field " duration="96"/>
    <testCase name="Search Bar render search button icon" duration="57"/>
  </file>
  <file path="/home/asishk/Videos/green-commute/src/components/organisms/CommonRoutes/index.test.tsx">
    <testCase name="CabCard renders correctly" duration="301"/>
    <testCase name="CabCard Text should render correctly" duration="108"/>
    <testCase name="CabCard Text should render correctly" duration="29"/>
    <testCase name="CabCard Text should render correctly" duration="77"/>
  </file>
  <file path="/home/asishk/Videos/green-commute/src/components/atoms/InputField/index.test.tsx">
    <testCase name="Atoms renders input field" duration="781"/>
  </file>
  <file path="/home/asishk/Videos/green-commute/src/components/organisms/AcknowledgementCard/index.test.tsx">
    <testCase name="AcknowledgementCard Text should render correctly" duration="748"/>
    <testCase name="AcknowledgementCard Number of Icons should be 2" duration="75"/>
    <testCase name="AcknowledgementCard Button element rendered correctly" duration="70"/>
  </file>
  <file path="/home/asishk/Videos/green-commute/src/components/organisms/JobList/index.test.tsx">
    <testCase name="Organisms renders Job list" duration="634"/>
    <testCase name="renders correctly when filter has no items" duration="29"/>
    <testCase name="renders correctly when filter has items" duration="15"/>
  </file>
  <file path="/home/asishk/Videos/green-commute/src/components/organisms/FilterMenu/index.test.tsx">
    <testCase name="Filter menu organism renders all parts of filter menu" duration="2732"/>
  </file>
  <file path="/home/asishk/Videos/green-commute/src/components/organisms/SideMenu/index.test.tsx">
    <testCase name="SideMenu Text should render correctly" duration="318"/>
    <testCase name="SideMenu Text should render correctly" duration="157"/>
    <testCase name="SideMenu MenuItem rendered correctly" duration="89"/>
    <testCase name="SideMenu MenuItem rendered correctly" duration="131"/>
    <testCase name="SideMenu MenuItem rendered correctly" duration="127"/>
    <testCase name="SideMenu MenuItem rendered correctly" duration="70"/>
    <testCase name="SideMenu MenuItem rendered correctly" duration="88"/>
    <testCase name="SideMenu MenuItem rendered correctly" duration="92"/>
    <testCase name="SideMenu MenuItem rendered correctly" duration="92"/>
    <testCase name="SideMenu MenuItem rendered correctly" duration="77"/>
  </file>
  <file path="/home/asishk/Videos/green-commute/src/components/atoms/IconSVG/index.test.tsx">
    <testCase name="Atoms renders svg icon" duration="42"/>
  </file>
  <file path="/home/asishk/Videos/green-commute/src/components/atoms/RadioButton/index.test.tsx">
    <testCase name="Atoms renders radio button" duration="114"/>
    <testCase name="Atoms renders snapshot of radio button" duration="23"/>
  </file>
  <file path="/home/asishk/Videos/green-commute/src/components/atoms/Button/index.test.tsx">
    <testCase name="it renders Button" duration="208"/>
  </file>
  <file path="/home/asishk/Videos/green-commute/src/components/molecules/ChipItem/index.test.tsx">
    <testCase name="Molecules renders chip" duration="202"/>
  </file>
  <file path="/home/asishk/Videos/green-commute/src/components/organisms/Header/index.test.tsx">
    <testCase name="Header test renders the app header correctly" duration="244"/>
  </file>
  <file path="/home/asishk/Videos/green-commute/src/components/molecules/MenuItem/index.test.tsx">
    <testCase name="Molecules renders filter button" duration="285"/>
  </file>
  <file path="/home/asishk/Videos/green-commute/src/components/organisms/FindCard/index.test.tsx">
    <testCase name="Job card test renders the app header correctly" duration="145"/>
  </file>
  <file path="/home/asishk/Videos/green-commute/src/components/molecules/LocationField/index.test.tsx">
    <testCase name="Location Field Molecule Random location" duration="139"/>
    <testCase name="Location Field Snapshot renders location field correctly" duration="36"/>
  </file>
  <file path="/home/asishk/Videos/green-commute/src/components/molecules/IconButton/index.test.tsx">
    <testCase name="Molecules renders filter button" duration="205"/>
  </file>
  <file path="/home/asishk/Videos/green-commute/src/components/molecules/AQILocation/index.test.tsx">
    <testCase name="AQIIndexGroup renders correctly" duration="58"/>
  </file>
  <file path="/home/asishk/Videos/green-commute/src/components/organisms/MetroCard/index.test.tsx">
    <testCase name="CabCard renders correctly" duration="134"/>
    <testCase name="CabCard Text should render correctly" duration="71"/>
    <testCase name="CabCard Text should render correctly" duration="49"/>
    <testCase name="CabCard Number of Icons should be 2" duration="83"/>
    <testCase name="CabCard Button element rendered correctly" duration="25"/>
  </file>
  <file path="/home/asishk/Videos/green-commute/src/components/atoms/Typography/index.test.tsx">
    <testCase name="Typography Render h1" duration="85"/>
    <testCase name="Typography Render h2" duration="7"/>
  </file>
  <file path="/home/asishk/Videos/green-commute/src/components/molecules/ListItem/index.test.tsx">
    <testCase name="List Item molecule Ola list item molecule" duration="242"/>
    <testCase name="List Item molecule Rapido list item molecule with approx and fare" duration="30"/>
    <testCase name="List Item molecule Uber list item molecule logo rendering test" duration="17"/>
    <testCase name="List Item Snapshot renders list item correctly" duration="33"/>
  </file>
  <file path="/home/asishk/Videos/green-commute/src/components/organisms/TabPanel/index.test.tsx">
    <testCase name="Tab Panel Test renders the tab panel" duration="101"/>
  </file>
  <file path="/home/asishk/Videos/green-commute/src/components/molecules/AQIGroup/index.test.tsx">
    <testCase name="AQIIndexLocation renders correctly" duration="125"/>
  </file>
  <file path="/home/asishk/Videos/green-commute/src/components/organisms/MainCard/index.test.tsx">
    <testCase name="Main Card Test renders the main card" duration="228"/>
  </file>
  <file path="/home/asishk/Videos/green-commute/src/components/molecules/IllustrationData/index.test.tsx">
    <testCase name="IllustrationData renders correctly" duration="63"/>
  </file>
  <file path="/home/asishk/Videos/green-commute/src/components/atoms/Avatar/index.test.tsx">
    <testCase name="Avatar renders correctly" duration="37"/>
  </file>
  <file path="/home/asishk/Videos/green-commute/src/components/atoms/Illustration/index.test.tsx">
    <testCase name="Atoms renders Illustration" duration="23"/>
  </file>
  <file path="/home/asishk/Videos/green-commute/src/components/molecules/AQI/index.test.tsx">
    <testCase name="AQIIndex renders correctly" duration="54"/>
  </file>
  <file path="/home/asishk/Videos/green-commute/src/components/molecules/ProgressItem/index.test.tsx">
    <testCase name="Progress Item Grid container" duration="50"/>
    <testCase name="Progress Item Test using test-id" duration="17"/>
  </file>
  <file path="/home/asishk/Videos/green-commute/src/components/organisms/JobDesCard/index.test.tsx">
    <testCase name="Job Description Test renders the job description" duration="158"/>
  </file>
  <file path="/home/asishk/Videos/green-commute/src/components/atoms/Logo/index.test.tsx">
    <testCase name="Atoms renders logo" duration="20"/>
  </file>
  <file path="/home/asishk/Videos/green-commute/src/App.test.tsx">
    <testCase name="renders learn react link" duration="20"/>
  </file>
  <file path="/home/asishk/Videos/green-commute/src/components/atoms/Icon/index.test.tsx">
    <testCase name="Atoms renders png icon" duration="19"/>
  </file>
</testExecutions>