<?xml version="1.0" encoding="UTF-8"?>
<testExecutions version="1">
  <file path="/home/asishk/Videos/green-commute/src/components/organisms/AcknowledgementCard/index.test.tsx">
    <testCase name="AcknowledgementCard Text should render correctly" duration="662"/>
    <testCase name="AcknowledgementCard Number of Icons should be 2" duration="88"/>
    <testCase name="AcknowledgementCard Button element rendered correctly" duration="68"/>
  </file>
  <file path="/home/asishk/Videos/green-commute/src/components/atoms/InputField/index.test.tsx">
    <testCase name="Atoms renders input field" duration="448"/>
  </file>
  <file path="/home/asishk/Videos/green-commute/src/components/atoms/Checkbox/index.test.tsx">
    <testCase name="Atoms renders input field" duration="246"/>
  </file>
  <file path="/home/asishk/Videos/green-commute/src/components/organisms/FileUploadCard/index.test.tsx">
    <testCase name="FileUploadCard Text should render correctly" duration="643"/>
    <testCase name="FileUploadCard Number of Icons should be 2" duration="172"/>
    <testCase name="FileUploadCard Button element rendered correctly" duration="107"/>
  </file>
  <file path="/home/asishk/Videos/green-commute/src/components/organisms/CommonRoutes/index.test.tsx">
    <testCase name="CabCard renders correctly" duration="304"/>
    <testCase name="CabCard Text should render correctly" duration="108"/>
    <testCase name="CabCard Text should render correctly" duration="79"/>
    <testCase name="CabCard Text should render correctly" duration="116"/>
  </file>
  <file path="/home/asishk/Videos/green-commute/src/components/organisms/CabCard/index.test.tsx">
    <testCase name="CabCard renders correctly" duration="396"/>
    <testCase name="CabCard Text should render correctly" duration="110"/>
    <testCase name="CabCard Element for ola should be rendered" duration="108"/>
    <testCase name="CabCard Element rapido should be rendered" duration="58"/>
    <testCase name="CabCard Element uber should be rendered" duration="70"/>
  </file>
  <file path="/home/asishk/Videos/green-commute/src/components/organisms/JobDetailsCard/index.test.tsx">
    <testCase name="CabCard renders correctly" duration="379"/>
    <testCase name="CabCard Text should render correctly" duration="126"/>
    <testCase name="CabCard Text should render correctly" duration="51"/>
    <testCase name="CabCard Button element rendered correctly" duration="41"/>
  </file>
  <file path="/home/asishk/Videos/green-commute/src/components/organisms/JobList/index.test.tsx">
    <testCase name="Organisms renders Job list" duration="1044"/>
    <testCase name="renders correctly when filter has no items" duration="69"/>
    <testCase name="renders correctly when filter has items" duration="41"/>
  </file>
  <file path="/home/asishk/Videos/green-commute/src/components/organisms/SideMenu/index.test.tsx">
    <testCase name="SideMenu Text should render correctly" duration="360"/>
    <testCase name="SideMenu Text should render correctly" duration="134"/>
    <testCase name="SideMenu MenuItem rendered correctly" duration="121"/>
    <testCase name="SideMenu MenuItem rendered correctly" duration="135"/>
    <testCase name="SideMenu MenuItem rendered correctly" duration="91"/>
    <testCase name="SideMenu MenuItem rendered correctly" duration="145"/>
    <testCase name="SideMenu MenuItem rendered correctly" duration="74"/>
    <testCase name="SideMenu MenuItem rendered correctly" duration="154"/>
    <testCase name="SideMenu MenuItem rendered correctly" duration="152"/>
    <testCase name="SideMenu MenuItem rendered correctly" duration="130"/>
  </file>
  <file path="/home/asishk/Videos/green-commute/src/components/organisms/JobSearch/index.test.tsx">
    <testCase name="Search Bar render whole organism" duration="640"/>
    <testCase name="Search Bar render skill search field" duration="115"/>
    <testCase name="Search Bar render location search field " duration="220"/>
    <testCase name="Search Bar render search button icon" duration="162"/>
  </file>
  <file path="/home/asishk/Videos/green-commute/src/components/organisms/FilterMenu/index.test.tsx">
    <testCase name="Filter menu organism renders all parts of filter menu" duration="2978"/>
  </file>
  <file path="/home/asishk/Videos/green-commute/src/components/organisms/MetroCard/index.test.tsx">
    <testCase name="CabCard renders correctly" duration="112"/>
    <testCase name="CabCard Text should render correctly" duration="134"/>
    <testCase name="CabCard Text should render correctly" duration="77"/>
    <testCase name="CabCard Number of Icons should be 2" duration="107"/>
    <testCase name="CabCard Button element rendered correctly" duration="52"/>
  </file>
  <file path="/home/asishk/Videos/green-commute/src/components/molecules/IconButton/index.test.tsx">
    <testCase name="Molecules renders filter button" duration="343"/>
  </file>
  <file path="/home/asishk/Videos/green-commute/src/components/organisms/MainCard/index.test.tsx">
    <testCase name="Main Card Test renders the main card" duration="521"/>
  </file>
  <file path="/home/asishk/Videos/green-commute/src/components/molecules/ChipItem/index.test.tsx">
    <testCase name="Molecules renders chip" duration="281"/>
  </file>
  <file path="/home/asishk/Videos/green-commute/src/components/atoms/Button/index.test.tsx">
    <testCase name="it renders Button" duration="366"/>
  </file>
  <file path="/home/asishk/Videos/green-commute/src/components/molecules/LocationField/index.test.tsx">
    <testCase name="Location Field Molecule Random location" duration="186"/>
    <testCase name="Location Field Snapshot renders location field correctly" duration="35"/>
  </file>
  <file path="/home/asishk/Videos/green-commute/src/components/atoms/RadioButton/index.test.tsx">
    <testCase name="Atoms renders radio button" duration="124"/>
    <testCase name="Atoms renders snapshot of radio button" duration="29"/>
  </file>
  <file path="/home/asishk/Videos/green-commute/src/components/molecules/MenuItem/index.test.tsx">
    <testCase name="Molecules renders filter button" duration="187"/>
  </file>
  <file path="/home/asishk/Videos/green-commute/src/components/organisms/Header/index.test.tsx">
    <testCase name="Header test renders the app header correctly" duration="396"/>
  </file>
  <file path="/home/asishk/Videos/green-commute/src/components/organisms/FindCard/index.test.tsx">
    <testCase name="Job card test renders the app header correctly" duration="107"/>
  </file>
  <file path="/home/asishk/Videos/green-commute/src/components/molecules/IllustrationData/index.test.tsx">
    <testCase name="IllustrationData renders correctly" duration="51"/>
  </file>
  <file path="/home/asishk/Videos/green-commute/src/components/atoms/Typography/index.test.tsx">
    <testCase name="Typography Render h1" duration="66"/>
    <testCase name="Typography Render h2" duration="8"/>
  </file>
  <file path="/home/asishk/Videos/green-commute/src/components/organisms/JobDesCard/index.test.tsx">
    <testCase name="Job Description Test renders the job description" duration="167"/>
  </file>
  <file path="/home/asishk/Videos/green-commute/src/components/molecules/AQIGroup/index.test.tsx">
    <testCase name="AQIIndexLocation renders correctly" duration="162"/>
  </file>
  <file path="/home/asishk/Videos/green-commute/src/components/organisms/TabPanel/index.test.tsx">
    <testCase name="Tab Panel Test renders the tab panel" duration="91"/>
  </file>
  <file path="/home/asishk/Videos/green-commute/src/App.test.tsx">
    <testCase name="renders learn react link" duration="38"/>
  </file>
  <file path="/home/asishk/Videos/green-commute/src/components/atoms/Avatar/index.test.tsx">
    <testCase name="Avatar renders correctly" duration="30"/>
  </file>
  <file path="/home/asishk/Videos/green-commute/src/components/atoms/IconSVG/index.test.tsx">
    <testCase name="Atoms renders svg icon" duration="36"/>
  </file>
  <file path="/home/asishk/Videos/green-commute/src/components/molecules/ProgressItem/index.test.tsx">
    <testCase name="Progress Item Grid container" duration="58"/>
    <testCase name="Progress Item Test using test-id" duration="31"/>
  </file>
  <file path="/home/asishk/Videos/green-commute/src/components/molecules/AQI/index.test.tsx">
    <testCase name="AQIIndex renders correctly" duration="109"/>
  </file>
  <file path="/home/asishk/Videos/green-commute/src/components/molecules/ListItem/index.test.tsx">
    <testCase name="List Item molecule Ola list item molecule" duration="254"/>
    <testCase name="List Item molecule Rapido list item molecule with approx and fare" duration="27"/>
    <testCase name="List Item molecule Uber list item molecule logo rendering test" duration="27"/>
    <testCase name="List Item Snapshot renders list item correctly" duration="32"/>
  </file>
  <file path="/home/asishk/Videos/green-commute/src/components/molecules/AQILocation/index.test.tsx">
    <testCase name="AQIIndexGroup renders correctly" duration="53"/>
  </file>
  <file path="/home/asishk/Videos/green-commute/src/components/atoms/Icon/index.test.tsx">
    <testCase name="Atoms renders png icon" duration="27"/>
  </file>
  <file path="/home/asishk/Videos/green-commute/src/components/atoms/Logo/index.test.tsx">
    <testCase name="Atoms renders logo" duration="27"/>
  </file>
  <file path="/home/asishk/Videos/green-commute/src/components/atoms/Illustration/index.test.tsx">
    <testCase name="Atoms renders Illustration" duration="21"/>
  </file>
</testExecutions>